<?xml version="1.0" encoding="UTF-8" ?>
<testsuites>
 <testsuite name="Programme Smoke Tests -" timestamp="2017-11-14T15:48:30" hostname="localhost" time="82.651" errors="0" tests="9" skipped="0" disabled="8" failures="2">
  <testcase classname="Programme Smoke Tests -" name="Edit Programme &apos;Settings&apos;" time="82.635">
   <failure type="exception" message="Error: Timeout - Async callback was not invoked within timeout specified by jasmine.DEFAULT_TIMEOUT_INTERVAL."><![CDATA[Error: Timeout - Async callback was not invoked within timeout specified by jasmine.DEFAULT_TIMEOUT_INTERVAL.
    at Timeout._onTimeout (C:\Chorus\Chorus.Bud.Web.Protractor\node_modules\protractor\node_modules\jasmine-core\lib\jasmine-core\jasmine.js:4281:23)
    at ontimeout (timers.js:386:14)
    at tryOnTimeout (timers.js:250:5)
    at Timer.listOnTimeout (timers.js:214:5)]]>
   </failure>
   <failure type="exception" message="Failed: no such session
  (Driver info: chromedriver=2.33.506120 (e3e53437346286c0bc2d2dc9aa4915ba81d9023f),platform=Windows NT 10.0.16299 x86_64)"><![CDATA[WebDriverError: no such session
  (Driver info: chromedriver=2.33.506120 (e3e53437346286c0bc2d2dc9aa4915ba81d9023f),platform=Windows NT 10.0.16299 x86_64)
    at Object.checkLegacyResponse (C:\Chorus\Chorus.Bud.Web.Protractor\node_modules\selenium-webdriver\lib\error.js:505:15)
    at parseHttpResponse (C:\Chorus\Chorus.Bud.Web.Protractor\node_modules\selenium-webdriver\lib\http.js:509:13)
    at doSend.then.response (C:\Chorus\Chorus.Bud.Web.Protractor\node_modules\selenium-webdriver\lib\http.js:440:13)
    at process._tickDomainCallback (internal/process/next_tick.js:135:7)
From: Task: WebDriver.findElements(By(css selector, button.btn))
    at thenableWebDriverProxy.schedule (C:\Chorus\Chorus.Bud.Web.Protractor\node_modules\selenium-webdriver\lib\webdriver.js:816:17)
    at thenableWebDriverProxy.findElements (C:\Chorus\Chorus.Bud.Web.Protractor\node_modules\selenium-webdriver\lib\webdriver.js:1057:22)
    at ptor.waitForAngular.then (C:\Chorus\Chorus.Bud.Web.Protractor\node_modules\protractor\lib\element.ts:166:36)
    at ManagedPromise.invokeCallback_ (C:\Chorus\Chorus.Bud.Web.Protractor\node_modules\selenium-webdriver\lib\promise.js:1366:14)
    at TaskQueue.execute_ (C:\Chorus\Chorus.Bud.Web.Protractor\node_modules\selenium-webdriver\lib\promise.js:2970:14)
    at TaskQueue.executeNext_ (C:\Chorus\Chorus.Bud.Web.Protractor\node_modules\selenium-webdriver\lib\promise.js:2953:27)
    at asyncRun (C:\Chorus\Chorus.Bud.Web.Protractor\node_modules\selenium-webdriver\lib\promise.js:2813:27)
    at C:\Chorus\Chorus.Bud.Web.Protractor\node_modules\selenium-webdriver\lib\promise.js:676:7
    at process._tickDomainCallback (internal/process/next_tick.js:135:7)
From: Task: <anonymous>
    at pollCondition (C:\Chorus\Chorus.Bud.Web.Protractor\node_modules\selenium-webdriver\lib\promise.js:2101:19)
    at C:\Chorus\Chorus.Bud.Web.Protractor\node_modules\selenium-webdriver\lib\promise.js:2097:7
    at new ManagedPromise (C:\Chorus\Chorus.Bud.Web.Protractor\node_modules\selenium-webdriver\lib\promise.js:1067:7)
    at ControlFlow.promise (C:\Chorus\Chorus.Bud.Web.Protractor\node_modules\selenium-webdriver\lib\promise.js:2396:12)
    at C:\Chorus\Chorus.Bud.Web.Protractor\node_modules\selenium-webdriver\lib\promise.js:2096:22
    at TaskQueue.execute_ (C:\Chorus\Chorus.Bud.Web.Protractor\node_modules\selenium-webdriver\lib\promise.js:2970:14)
    at TaskQueue.executeNext_ (C:\Chorus\Chorus.Bud.Web.Protractor\node_modules\selenium-webdriver\lib\promise.js:2953:27)
    at asyncRun (C:\Chorus\Chorus.Bud.Web.Protractor\node_modules\selenium-webdriver\lib\promise.js:2860:25)
    at C:\Chorus\Chorus.Bud.Web.Protractor\node_modules\selenium-webdriver\lib\promise.js:676:7
    at process._tickDomainCallback (internal/process/next_tick.js:135:7)
From: Task: <anonymous wait>
    at scheduleWait (C:\Chorus\Chorus.Bud.Web.Protractor\node_modules\selenium-webdriver\lib\promise.js:2094:20)
    at ControlFlow.wait (C:\Chorus\Chorus.Bud.Web.Protractor\node_modules\selenium-webdriver\lib\promise.js:2408:12)
    at thenableWebDriverProxy.wait (C:\Chorus\Chorus.Bud.Web.Protractor\node_modules\selenium-webdriver\lib\webdriver.js:943:29)
    at run (C:\Chorus\Chorus.Bud.Web.Protractor\node_modules\protractor\lib\browser.ts:66:27)
    at ProtractorBrowser.to.(anonymous function) [as wait] (C:\Chorus\Chorus.Bud.Web.Protractor\node_modules\protractor\lib\browser.ts:74:12)
    at ProgrammeSettingsTab.<anonymous> (C:\Chorus\Chorus.Bud.Web.Protractor\pageobjects\programmes\programmeSettingTab.ts:91:23)
    at Generator.next (<anonymous>)
    at C:\Chorus\Chorus.Bud.Web.Protractor\tmp\pageobjects\programmes\programmeSettingTab.js:7:71
    at __awaiter (C:\Chorus\Chorus.Bud.Web.Protractor\tmp\pageobjects\programmes\programmeSettingTab.js:3:12)
    at ProgrammeSettingsTab.clickSave (C:\Chorus\Chorus.Bud.Web.Protractor\tmp\pageobjects\programmes\programmeSettingTab.js:105:16)
From: Task: Run fit("Edit Programme 'Settings'") in control flow
    at UserContext.<anonymous> (C:\Chorus\Chorus.Bud.Web.Protractor\node_modules\jasminewd2\index.js:94:19)
    at attempt (C:\Chorus\Chorus.Bud.Web.Protractor\node_modules\protractor\node_modules\jasmine-core\lib\jasmine-core\jasmine.js:4297:26)
    at QueueRunner.run (C:\Chorus\Chorus.Bud.Web.Protractor\node_modules\protractor\node_modules\jasmine-core\lib\jasmine-core\jasmine.js:4217:20)
    at QueueRunner.execute (C:\Chorus\Chorus.Bud.Web.Protractor\node_modules\protractor\node_modules\jasmine-core\lib\jasmine-core\jasmine.js:4199:10)
    at Spec.queueRunnerFactory (C:\Chorus\Chorus.Bud.Web.Protractor\node_modules\protractor\node_modules\jasmine-core\lib\jasmine-core\jasmine.js:909:35)
    at Spec.execute (C:\Chorus\Chorus.Bud.Web.Protractor\node_modules\protractor\node_modules\jasmine-core\lib\jasmine-core\jasmine.js:526:10)
    at UserContext.fn (C:\Chorus\Chorus.Bud.Web.Protractor\node_modules\protractor\node_modules\jasmine-core\lib\jasmine-core\jasmine.js:5340:37)
    at attempt (C:\Chorus\Chorus.Bud.Web.Protractor\node_modules\protractor\node_modules\jasmine-core\lib\jasmine-core\jasmine.js:4297:26)
    at QueueRunner.run (C:\Chorus\Chorus.Bud.Web.Protractor\node_modules\protractor\node_modules\jasmine-core\lib\jasmine-core\jasmine.js:4217:20)
    at QueueRunner.execute (C:\Chorus\Chorus.Bud.Web.Protractor\node_modules\protractor\node_modules\jasmine-core\lib\jasmine-core\jasmine.js:4199:10)
From asynchronous test: 
Error
    at Suite.describe (C:\Chorus\Chorus.Bud.Web.Protractor\tests\programmes\programmes.spec.ts:94:5)
    at addSpecsToSuite (C:\Chorus\Chorus.Bud.Web.Protractor\node_modules\protractor\node_modules\jasmine-core\lib\jasmine-core\jasmine.js:1107:25)
    at Env.describe (C:\Chorus\Chorus.Bud.Web.Protractor\node_modules\protractor\node_modules\jasmine-core\lib\jasmine-core\jasmine.js:1074:7)
    at describe (C:\Chorus\Chorus.Bud.Web.Protractor\node_modules\protractor\node_modules\jasmine-core\lib\jasmine-core\jasmine.js:4399:18)
    at Object.<anonymous> (C:\Chorus\Chorus.Bud.Web.Protractor\tests\programmes\programmes.spec.ts:12:1)
    at Module._compile (module.js:571:32)
    at Object.Module._extensions..js (module.js:580:10)
    at Module.load (module.js:488:32)
    at tryModuleLoad (module.js:447:12)]]>
   </failure>
  </testcase>
  <testcase classname="Programme Smoke Tests -" name="Create New &apos;Standard&apos; Programme" time="0">
   <skipped />
  </testcase>
  <testcase classname="Programme Smoke Tests -" name="View a Programme" time="0">
   <skipped />
  </testcase>
  <testcase classname="Programme Smoke Tests -" name="Edit a Programme" time="0">
   <skipped />
  </testcase>
  <testcase classname="Programme Smoke Tests -" name="View &apos;Qualifications&apos; tab" time="0">
   <skipped />
  </testcase>
  <testcase classname="Programme Smoke Tests -" name="View &apos;Functional Skills&apos; tab" time="0">
   <skipped />
  </testcase>
  <testcase classname="Programme Smoke Tests -" name="View &apos;Activities&apos; tab" time="0">
   <skipped />
  </testcase>
  <testcase classname="Programme Smoke Tests -" name="View &apos;Gaps&apos; tab" time="0">
   <skipped />
  </testcase>
  <testcase classname="Programme Smoke Tests -" name="View &apos;Confirm&apos; tab" time="0">
   <skipped />
  </testcase>
 </testsuite>
 <testsuite name="Applicant Smoke Tests -" timestamp="2017-11-14T15:49:53" hostname="localhost" time="0" errors="0" tests="8" skipped="0" disabled="8" failures="0">
  <testcase classname="Applicant Smoke Tests -" name="Create New Applicant" time="0">
   <skipped />
  </testcase>
  <testcase classname="Applicant Smoke Tests -" name="View an Applicant" time="0">
   <skipped />
  </testcase>
  <testcase classname="Applicant Smoke Tests -" name="Filter &amp; View Applicants at &apos;New&apos; status" time="0">
   <skipped />
  </testcase>
  <testcase classname="Applicant Smoke Tests -" name="Filter &amp; View Applicants at &apos;Invited&apos; status" time="0">
   <skipped />
  </testcase>
  <testcase classname="Applicant Smoke Tests -" name="Filter &amp; View Applicants at &apos;To Schedule&apos; status" time="0">
   <skipped />
  </testcase>
  <testcase classname="Applicant Smoke Tests -" name="Filter &amp; View Applicants at &apos;Scheduled&apos; status" time="0">
   <skipped />
  </testcase>
  <testcase classname="Applicant Smoke Tests -" name="Filter &amp; View Applicants at &apos;Signed Up&apos; status" time="0">
   <skipped />
  </testcase>
  <testcase classname="Applicant Smoke Tests -" name="Filter &amp; View Applicants at &apos;Completed&apos; status" time="0">
   <skipped />
  </testcase>
 </testsuite>
 <testsuite name="Employer Location Smoke Tests" timestamp="2017-11-14T15:49:53" hostname="localhost" time="0.016" errors="0" tests="6" skipped="0" disabled="6" failures="0">
  <testcase classname="Employer Location Smoke Tests" name="Add &apos;New Employer Location&apos;" time="0.016">
   <skipped />
  </testcase>
  <testcase classname="Employer Location Smoke Tests" name="Edit &apos;Employer Location Overview&apos; section" time="0">
   <skipped />
  </testcase>
  <testcase classname="Employer Location Smoke Tests" name="Edit &apos;Employer Location Contact Details&apos; section" time="0">
   <skipped />
  </testcase>
  <testcase classname="Employer Location Smoke Tests" name="Edit &apos;Employer Location Additional Details&apos; section" time="0">
   <skipped />
  </testcase>
  <testcase classname="Employer Location Smoke Tests" name="Add &apos;Employer Contact Details&apos;" time="0">
   <skipped />
  </testcase>
  <testcase classname="Employer Location Smoke Tests" name="Add &apos;Employer Liability Insurance Certificate&apos;" time="0">
   <skipped />
  </testcase>
 </testsuite>
 <testsuite name="Employers Smoke Tests" timestamp="2017-11-14T15:49:53" hostname="localhost" time="0.002" errors="0" tests="8" skipped="0" disabled="8" failures="0">
  <testcase classname="Employers Smoke Tests" name="Add new Employer" time="0">
   <skipped />
  </testcase>
  <testcase classname="Employers Smoke Tests" name="Edit &apos;Employer Overview&apos; section" time="0">
   <skipped />
  </testcase>
  <testcase classname="Employers Smoke Tests" name="Edit &apos;Employer Contact Details&apos; section" time="0">
   <skipped />
  </testcase>
  <testcase classname="Employers Smoke Tests" name="Edit &apos;Employer Additional Details&apos; section" time="0.002">
   <skipped />
  </testcase>
  <testcase classname="Employers Smoke Tests" name="Add &apos;Employer Contact Details&apos;" time="0">
   <skipped />
  </testcase>
  <testcase classname="Employers Smoke Tests" name="Add &apos;Employer Liability Insurance Certificate&apos;" time="0">
   <skipped />
  </testcase>
  <testcase classname="Employers Smoke Tests" name="Add &apos;Employer Health &amp; Safety Evidence&apos;" time="0">
   <skipped />
  </testcase>
  <testcase classname="Employers Smoke Tests" name="Add &apos;Employer Written Agreement Evidence&apos;" time="0">
   <skipped />
  </testcase>
 </testsuite>
 <testsuite name="Homepage Smoke Tests -" timestamp="2017-11-14T15:49:53" hostname="localhost" time="0" errors="0" tests="1" skipped="0" disabled="1" failures="0">
  <testcase classname="Homepage Smoke Tests -" name="Login &amp; logouts" time="0">
   <skipped />
  </testcase>
 </testsuite>
 <testsuite name="Login Smoke Tests - " timestamp="2017-11-14T15:49:53" hostname="localhost" time="0" errors="0" tests="1" skipped="0" disabled="1" failures="0">
  <testcase classname="Login Smoke Tests - " name="Login as an &apos;Assessor&apos;" time="0">
   <skipped />
  </testcase>
 </testsuite>
</testsuites>